<?xml version="1.0" encoding="UTF-8"?>
<!-- Generated by org.testng.reporters.JUnitReportReporter -->
<testsuite hostname="WGC1006WTBJC2" name="com.ford.auto.RestAssuredFileDownload.FileDownloadExample" tests="1" failures="0" timestamp="15 Dec 2020 04:02:32 GMT" time="4.648" errors="0">
  <testcase name="testCase_FileDownload" time="4.648" classname="com.ford.auto.RestAssuredFileDownload.FileDownloadExample"/>
</testsuite> <!-- com.ford.auto.RestAssuredFileDownload.FileDownloadExample -->
