<?xml version="1.0" encoding="UTF-8"?>
<!-- Generated by org.testng.reporters.JUnitReportReporter -->
<testsuite hostname="WGC1006WTBJC2" name="com.ford.auto.RestAssuredSample.ValidateJSONResponse" tests="3" failures="0" timestamp="5 Jan 2021 16:22:10 GMT" time="12.420" errors="0">
  <testcase name="testCaseForResponseJSONPath" time="1.865" classname="com.ford.auto.RestAssuredSample.ValidateJSONResponse"/>
  <testcase name="testCaseForExtractMethod" time="9.477" classname="com.ford.auto.RestAssuredSample.ValidateJSONResponse"/>
  <testcase name="testCase_ValidateJSONResponse" time="1.078" classname="com.ford.auto.RestAssuredSample.ValidateJSONResponse"/>
</testsuite> <!-- com.ford.auto.RestAssuredSample.ValidateJSONResponse -->
