<?xml version="1.0" encoding="UTF-8"?>
<!-- Generated by org.testng.reporters.JUnitReportReporter -->
<testsuite hostname="WGC1006WTBJC2" name="com.ford.auto.RestAssuredSample.BasicREST_Assured_Testcases" tests="1" failures="0" timestamp="15 Jan 2021 08:53:48 GMT" time="6.175" errors="0">
  <testcase name="testCaseForPOST_Request" time="6.175" classname="com.ford.auto.RestAssuredSample.BasicREST_Assured_Testcases"/>
</testsuite> <!-- com.ford.auto.RestAssuredSample.BasicREST_Assured_Testcases -->
