<?xml version="1.0" encoding="UTF-8"?>
<!-- Generated by org.testng.reporters.JUnitReportReporter -->
<testsuite hostname="WGC1006WTBJC2" name="com.ford.auto.RestAssuredSample.Test01GET" tests="1" failures="0" timestamp="13 Nov 2020 11:39:04 GMT" time="4.529" errors="0">
  <testcase name="TestCaseDataDrivenPOST" time="4.529" classname="com.ford.auto.RestAssuredSample.Test01GET"/>
</testsuite> <!-- com.ford.auto.RestAssuredSample.Test01GET -->
