<?xml version="1.0" encoding="UTF-8"?>
<!-- Generated by org.testng.reporters.JUnitReportReporter -->
<testsuite hostname="WGC1006WTBJC2" name="com.ford.auto.RestAssuredSample.FileDownloadExample" tests="1" failures="0" timestamp="11 Jan 2021 10:08:15 GMT" time="6.850" errors="0">
  <testcase name="testCase_FileDownload" time="6.850" classname="com.ford.auto.RestAssuredSample.FileDownloadExample"/>
</testsuite> <!-- com.ford.auto.RestAssuredSample.FileDownloadExample -->
