<?xml version="1.0" encoding="UTF-8"?>
<!-- Generated by org.testng.reporters.JUnitReportReporter -->
<testsuite hostname="WGC1006WTBJC2" name="com.ford.auto.RestAssuredSample.RESTAssuredBDDTestCases" tests="4" failures="0" timestamp="8 Jan 2021 14:22:12 GMT" time="12.442" errors="0">
  <testcase name="TestCase_POST_Request" time="3.014" classname="com.ford.auto.RestAssuredSample.RESTAssuredBDDTestCases"/>
  <testcase name="TestCase_DELETE_Request" time="6.069" classname="com.ford.auto.RestAssuredSample.RESTAssuredBDDTestCases"/>
  <testcase name="TestCase_GET_Request" time="1.646" classname="com.ford.auto.RestAssuredSample.RESTAssuredBDDTestCases"/>
  <testcase name="TestCase_PUT_Request" time="1.713" classname="com.ford.auto.RestAssuredSample.RESTAssuredBDDTestCases"/>
</testsuite> <!-- com.ford.auto.RestAssuredSample.RESTAssuredBDDTestCases -->
