<?xml version="1.0" encoding="UTF-8"?>
<!-- Generated by org.testng.reporters.JUnitReportReporter -->
<testsuite hostname="WGC1006WTBJC2" name="com.ford.auto.RestAssuredSample.NewRESTAssured" tests="1" failures="0" timestamp="16 Nov 2020 10:48:20 GMT" time="6.210" errors="0">
  <testcase name="POST_Example" time="6.210" classname="com.ford.auto.RestAssuredSample.NewRESTAssured"/>
</testsuite> <!-- com.ford.auto.RestAssuredSample.NewRESTAssured -->
