<?xml version="1.0" encoding="UTF-8"?>
<!-- Generated by org.testng.reporters.JUnitReportReporter -->
<testsuite hostname="WGC1006WTBJC2" name="com.ford.auto.RestAssuredSample.RESTAssuredDataDriven" tests="9" failures="0" timestamp="11 Jan 2021 09:47:47 GMT" time="21.800" errors="0">
  <testcase name="TestCase_withPathParameter_DataDriven" time="0.904" classname="com.ford.auto.RestAssuredSample.RESTAssuredDataDriven"/>
  <testcase name="TestCase_with_QueryParameter_DataDriven" time="1.703" classname="com.ford.auto.RestAssuredSample.RESTAssuredDataDriven"/>
  <testcase name="TestCase_with_QueryParameter_DataDriven" time="1.771" classname="com.ford.auto.RestAssuredSample.RESTAssuredDataDriven"/>
  <testcase name="TestCase_with_QueryParameter_DataDriven" time="1.835" classname="com.ford.auto.RestAssuredSample.RESTAssuredDataDriven"/>
  <testcase name="TestCase_withPathParameter_DataDriven" time="0.805" classname="com.ford.auto.RestAssuredSample.RESTAssuredDataDriven"/>
  <testcase name="passFileAsPayload" time="1.803" classname="com.ford.auto.RestAssuredSample.RESTAssuredDataDriven"/>
  <testcase name="TestCase_with_QueryParameter_DataDriven" time="2.207" classname="com.ford.auto.RestAssuredSample.RESTAssuredDataDriven"/>
  <testcase name="TestCase_withPathParameter_DataDriven" time="9.024" classname="com.ford.auto.RestAssuredSample.RESTAssuredDataDriven"/>
  <testcase name="TestCase_with_QueryParameter_DataDriven" time="1.748" classname="com.ford.auto.RestAssuredSample.RESTAssuredDataDriven"/>
</testsuite> <!-- com.ford.auto.RestAssuredSample.RESTAssuredDataDriven -->
