<?xml version="1.0" encoding="UTF-8"?>
<!-- Generated by org.testng.reporters.JUnitReportReporter -->
<testsuite hostname="WGC1002WT1F63" name="com.ford.auto.RestAssuredSample.RESTAssured_ResponseToRequest" tests="2" failures="0" timestamp="3 Feb 2021 14:50:09 GMT" time="7.338" errors="0">
  <testcase name="updateUser" time="2.494" classname="com.ford.auto.RestAssuredSample.RESTAssured_ResponseToRequest"/>
  <testcase name="getUser" time="4.844" classname="com.ford.auto.RestAssuredSample.RESTAssured_ResponseToRequest"/>
</testsuite> <!-- com.ford.auto.RestAssuredSample.RESTAssured_ResponseToRequest -->
