<?xml version="1.0" encoding="UTF-8"?>
<!-- Generated by org.testng.reporters.JUnitReportReporter -->
<testsuite hostname="WGC1006WTBJC2" name="com.ford.auto.RestAssuredSample.RequestSpecificationExample" tests="3" failures="0" timestamp="7 Jan 2021 13:16:31 GMT" time="6.462" errors="0">
  <testcase name="getRequestTestCaseOne" time="3.381" classname="com.ford.auto.RestAssuredSample.RequestSpecificationExample"/>
  <testcase name="getRequestTestCaseTwo" time="1.038" classname="com.ford.auto.RestAssuredSample.RequestSpecificationExample"/>
  <testcase name="getRequestTestCaseThree" time="2.043" classname="com.ford.auto.RestAssuredSample.RequestSpecificationExample"/>
</testsuite> <!-- com.ford.auto.RestAssuredSample.RequestSpecificationExample -->
