<?xml version="1.0" encoding="UTF-8"?>
<!-- Generated by org.testng.reporters.JUnitReportReporter -->
<testsuite hostname="WGC1006WTBJC2" name="com.ford.auto.RestAssuredSample.RESTAssuredTestCases" tests="1" failures="0" timestamp="15 Dec 2020 11:57:07 GMT" time="5.694" errors="0">
  <testcase name="TestCase_MotorRacingData_GetSeason" time="5.694" classname="com.ford.auto.RestAssuredSample.RESTAssuredTestCases"/>
</testsuite> <!-- com.ford.auto.RestAssuredSample.RESTAssuredTestCases -->
