<?xml version="1.0" encoding="UTF-8"?>
<!-- Generated by org.testng.reporters.JUnitReportReporter -->
<testsuite hostname="WGC1006WTBJC2" name="com.ford.auto.RestAssuredSample.ReqResSpecification" tests="2" failures="0" timestamp="10 Dec 2020 14:15:34 GMT" time="0.436" errors="0">
  <testcase name="getAllBookings" time="0.387" classname="com.ford.auto.RestAssuredSample.ReqResSpecification"/>
  <testcase name="getBookingDetailsWithFirstName" time="0.049" classname="com.ford.auto.RestAssuredSample.ReqResSpecification"/>
</testsuite> <!-- com.ford.auto.RestAssuredSample.ReqResSpecification -->
