<?xml version="1.0" encoding="UTF-8"?>
<!-- Generated by org.testng.reporters.JUnitReportReporter -->
<testsuite hostname="WGC1006WTBJC2" name="com.ford.auto.BrowserAutomation.SeleniumExample" tests="1" failures="0" timestamp="15 Dec 2020 15:03:51 GMT" time="30.109" errors="0">
  <testcase name="testcase_SeleniumExample" time="30.109" classname="com.ford.auto.BrowserAutomation.SeleniumExample"/>
</testsuite> <!-- com.ford.auto.BrowserAutomation.SeleniumExample -->
