<?xml version="1.0" encoding="UTF-8"?>
<!-- Generated by org.testng.reporters.JUnitReportReporter -->
<testsuite hostname="WGC1006WTBJC2" name="com.ford.auto.RestAssuredSample.RESTAssuredQueryPathParametersExample" tests="1" failures="0" timestamp="13 Jan 2021 07:50:20 GMT" time="8.574" errors="0">
  <testcase name="TestCase_QueryParams_UsingMapObject" time="8.574" classname="com.ford.auto.RestAssuredSample.RESTAssuredQueryPathParametersExample"/>
</testsuite> <!-- com.ford.auto.RestAssuredSample.RESTAssuredQueryPathParametersExample -->
