<?xml version="1.0" encoding="UTF-8"?>
<!-- Generated by org.testng.reporters.JUnitReportReporter -->
<testsuite hostname="WGC1006WTBJC2" name="com.ford.auto.RestAssuredSample.AuthenticationExample" tests="1" failures="0" timestamp="16 Nov 2020 08:54:53 GMT" time="5.301" errors="0">
  <testcase name="basicAuthenticationExample" time="5.301" classname="com.ford.auto.RestAssuredSample.AuthenticationExample"/>
</testsuite> <!-- com.ford.auto.RestAssuredSample.AuthenticationExample -->
