<?xml version="1.0" encoding="UTF-8"?>
<!-- Generated by org.testng.reporters.JUnitReportReporter -->
<testsuite hostname="WGC1006WTBJC2" name="com.ford.auto.RestAssuredSample.SampleJSONServer" tests="1" failures="0" timestamp="16 Nov 2020 09:13:46 GMT" time="3.007" errors="0">
  <testcase name="Sample_GET" time="3.007" classname="com.ford.auto.RestAssuredSample.SampleJSONServer"/>
</testsuite> <!-- com.ford.auto.RestAssuredSample.SampleJSONServer -->
