<?xml version="1.0" encoding="UTF-8"?>
<!-- Generated by org.testng.reporters.JUnitReportReporter -->
<testsuite hostname="WGC1006WTBJC2" name="com.ford.auto.POJOExample.NewUserCreateWithSerialization" tests="2" failures="0" timestamp="15 Jan 2021 08:45:53 GMT" time="11.513" errors="0">
  <testcase name="createNewUser" time="8.576" classname="com.ford.auto.POJOExample.NewUserCreateWithSerialization"/>
  <testcase name="ValidateNewUser" time="2.937" classname="com.ford.auto.POJOExample.NewUserCreateWithSerialization"/>
</testsuite> <!-- com.ford.auto.POJOExample.NewUserCreateWithSerialization -->
