<?xml version="1.0" encoding="UTF-8"?>
<!-- Generated by org.testng.reporters.JUnitReportReporter -->
<testsuite skipped="0" hostname="WGC100HMM4JC2" name="home.insurance.HomeInsuranceQuote" tests="1" failures="0" timestamp="2021-04-25T22:10:14 BST" time="9.239" errors="0">
  <testcase name="enterInputForHomeInsuranceQuote" time="9.239" classname="home.insurance.HomeInsuranceQuote"/>
  <system-out/>
</testsuite> <!-- home.insurance.HomeInsuranceQuote -->
