<?xml version="1.0" encoding="UTF-8"?>
<!-- Generated by org.testng.reporters.JUnitReportReporter -->
<testsuite skipped="0" hostname="WGC100HMM4JC2" name="testcases.HomeInsuranceQuote" tests="1" failures="0" timestamp="2021-04-26T10:48:40 BST" time="18.771" errors="0">
  <testcase name="enterInputForHomeInsuranceQuote" time="18.771" classname="testcases.HomeInsuranceQuote"/>
  <system-out/>
</testsuite> <!-- testcases.HomeInsuranceQuote -->
